<?xml version="1.0" encoding="UTF-8"?>
<!-- Generated by org.testng.reporters.JUnitReportReporter -->
<testsuite hostname="ASUS-PC" name="com.TestScriptLayer.PomDataDrivenMultiData" tests="1" failures="0" timestamp="4 Jun 2020 21:59:51 GMT" time="36.114" errors="0">
  <testcase name="branchCreation" time="36.114" classname="com.TestScriptLayer.PomDataDrivenMultiData"/>
</testsuite> <!-- com.TestScriptLayer.PomDataDrivenMultiData -->
