<?xml version="1.0" encoding="UTF-8"?>
<!-- Generated by org.testng.reporters.JUnitReportReporter -->
<testsuite hostname="ASUS-PC" name="com.TestScriptLayer.PomDataDrivenTestScript" tests="2" failures="0" timestamp="4 Jun 2020 19:21:25 GMT" time="23.641" errors="0">
  <testcase name="branchCreation" time="15.118" classname="com.TestScriptLayer.PomDataDrivenTestScript"/>
  <testcase name="updateBranch" time="8.523" classname="com.TestScriptLayer.PomDataDrivenTestScript"/>
</testsuite> <!-- com.TestScriptLayer.PomDataDrivenTestScript -->
